# JRE version: 7.0_25-b17
# Java VM: Java HotSpot(TM) 64-Bit Server VM (23.25-b01 mixed mode windows-amd64 compressed oops)
Heap
 PSYoungGen      total 31936K, used 17195K [0x00000000fcf00000, 0x00000000ff970000, 0x0000000100000000)
  eden space 22336K, 60% used [0x00000000fcf00000,0x00000000fdc16ca8,0x00000000fe4d0000)
  from space 9600K, 39% used [0x00000000ff010000,0x00000000ff3c4198,0x00000000ff970000)
  to   space 10560K, 0% used [0x00000000fe4d0000,0x00000000fe4d0000,0x00000000fef20000)
 ParOldGen       total 95488K, used 49699K [0x00000000f3c00000, 0x00000000f9940000, 0x00000000fcf00000)
  object space 95488K, 52% used [0x00000000f3c00000,0x00000000f6c88df8,0x00000000f9940000)
 PSPermGen       total 108544K, used 52537K [0x00000000ebc00000, 0x00000000f2600000, 0x00000000f3c00000)
  object space 108544K, 48% used [0x00000000ebc00000,0x00000000eef4e760,0x00000000f2600000)
GC Heap History (10 events):
Event: 9.934 GC heap before
{Heap before GC invocations=40 (full 2):
 PSYoungGen      total 33408K, used 21785K [0x00000000fcf00000, 0x00000000ffe50000, 0x0000000100000000)
  eden space 18624K, 100% used [0x00000000fcf00000,0x00000000fe130000,0x00000000fe130000)
  from space 14784K, 21% used [0x00000000fe130000,0x00000000fe446510,0x00000000fefa0000)
  to   space 14016K, 0% used [0x00000000ff0a0000,0x00000000ff0a0000,0x00000000ffe50000)
 ParOldGen       total 95488K, used 49684K [0x00000000f3c00000, 0x00000000f9940000, 0x00000000fcf00000)
  object space 95488K, 52% used [0x00000000f3c00000,0x00000000f6c853c8,0x00000000f9940000)
 PSPermGen       total 108544K, used 52291K [0x00000000ebc00000, 0x00000000f2600000, 0x00000000f3c00000)
  object space 108544K, 48% used [0x00000000ebc00000,0x00000000eef10f70,0x00000000f2600000)
Event: 9.939 GC heap after
Heap after GC invocations=40 (full 2):
 PSYoungGen      total 32512K, used 3110K [0x00000000fcf00000, 0x00000000ffcb0000, 0x0000000100000000)
  eden space 20160K, 0% used [0x00000000fcf00000,0x00000000fcf00000,0x00000000fe2b0000)
  from space 12352K, 25% used [0x00000000ff0a0000,0x00000000ff3a9968,0x00000000ffcb0000)
  to   space 13312K, 0% used [0x00000000fe2b0000,0x00000000fe2b0000,0x00000000fefb0000)
 ParOldGen       total 95488K, used 49684K [0x00000000f3c00000, 0x00000000f9940000, 0x00000000fcf00000)
  object space 95488K, 52% used [0x00000000f3c00000,0x00000000f6c853c8,0x00000000f9940000)
 PSPermGen       total 108544K, used 52291K [0x00000000ebc00000, 0x00000000f2600000, 0x00000000f3c00000)
  object space 108544K, 48% used [0x00000000ebc00000,0x00000000eef10f70,0x00000000f2600000)
}
Event: 10.058 GC heap before
{Heap before GC invocations=41 (full 2):
 PSYoungGen      total 32512K, used 23270K [0x00000000fcf00000, 0x00000000ffcb0000, 0x0000000100000000)
  eden space 20160K, 100% used [0x00000000fcf00000,0x00000000fe2b0000,0x00000000fe2b0000)
  from space 12352K, 25% used [0x00000000ff0a0000,0x00000000ff3a9968,0x00000000ffcb0000)
  to   space 13312K, 0% used [0x00000000fe2b0000,0x00000000fe2b0000,0x00000000fefb0000)
 ParOldGen       total 95488K, used 49684K [0x00000000f3c00000, 0x00000000f9940000, 0x00000000fcf00000)
  object space 95488K, 52% used [0x00000000f3c00000,0x00000000f6c853c8,0x00000000f9940000)
 PSPermGen       total 108544K, used 52351K [0x00000000ebc00000, 0x00000000f2600000, 0x00000000f3c00000)
  object space 108544K, 48% used [0x00000000ebc00000,0x00000000eef1fce0,0x00000000f2600000)
Event: 10.060 GC heap after
Heap after GC invocations=41 (full 2):
 PSYoungGen      total 33472K, used 3190K [0x00000000fcf00000, 0x00000000ffce0000, 0x0000000100000000)
  eden space 20160K, 0% used [0x00000000fcf00000,0x00000000fcf00000,0x00000000fe2b0000)
  from space 13312K, 23% used [0x00000000fe2b0000,0x00000000fe5cd9c0,0x00000000fefb0000)
  to   space 12608K, 0% used [0x00000000ff090000,0x00000000ff090000,0x00000000ffce0000)
 ParOldGen       total 95488K, used 49684K [0x00000000f3c00000, 0x00000000f9940000, 0x00000000fcf00000)
  object space 95488K, 52% used [0x00000000f3c00000,0x00000000f6c853c8,0x00000000f9940000)
 PSPermGen       total 108544K, used 52351K [0x00000000ebc00000, 0x00000000f2600000, 0x00000000f3c00000)
  object space 108544K, 48% used [0x00000000ebc00000,0x00000000eef1fce0,0x00000000f2600000)
}
Event: 16.793 GC heap before
{Heap before GC invocations=42 (full 2):
 PSYoungGen      total 33472K, used 23350K [0x00000000fcf00000, 0x00000000ffce0000, 0x0000000100000000)
  eden space 20160K, 100% used [0x00000000fcf00000,0x00000000fe2b0000,0x00000000fe2b0000)
  from space 13312K, 23% used [0x00000000fe2b0000,0x00000000fe5cd9c0,0x00000000fefb0000)
  to   space 12608K, 0% used [0x00000000ff090000,0x00000000ff090000,0x00000000ffce0000)
 ParOldGen       total 95488K, used 49684K [0x00000000f3c00000, 0x00000000f9940000, 0x00000000fcf00000)
  object space 95488K, 52% used [0x00000000f3c00000,0x00000000f6c853c8,0x00000000f9940000)
 PSPermGen       total 108544K, used 52386K [0x00000000ebc00000, 0x00000000f2600000, 0x00000000f3c00000)
  object space 108544K, 48% used [0x00000000ebc00000,0x00000000eef28818,0x00000000f2600000)
Event: 16.798 GC heap after
Heap after GC invocations=42 (full 2):
 PSYoungGen      total 32448K, used 3414K [0x00000000fcf00000, 0x00000000ffb40000, 0x0000000100000000)
  eden space 21504K, 0% used [0x00000000fcf00000,0x00000000fcf00000,0x00000000fe400000)
  from space 10944K, 31% used [0x00000000ff090000,0x00000000ff3e59c0,0x00000000ffb40000)
  to   space 11904K, 0% used [0x00000000fe400000,0x00000000fe400000,0x00000000fefa0000)
 ParOldGen       total 95488K, used 49684K [0x00000000f3c00000, 0x00000000f9940000, 0x00000000fcf00000)
  object space 95488K, 52% used [0x00000000f3c00000,0x00000000f6c853c8,0x00000000f9940000)
 PSPermGen       total 108544K, used 52386K [0x00000000ebc00000, 0x00000000f2600000, 0x00000000f3c00000)
  object space 108544K, 48% used [0x00000000ebc00000,0x00000000eef28818,0x00000000f2600000)
}
Event: 17.769 GC heap before
{Heap before GC invocations=43 (full 2):
 PSYoungGen      total 32448K, used 24918K [0x00000000fcf00000, 0x00000000ffb40000, 0x0000000100000000)
  eden space 21504K, 100% used [0x00000000fcf00000,0x00000000fe400000,0x00000000fe400000)
  from space 10944K, 31% used [0x00000000ff090000,0x00000000ff3e59c0,0x00000000ffb40000)
  to   space 11904K, 0% used [0x00000000fe400000,0x00000000fe400000,0x00000000fefa0000)
 ParOldGen       total 95488K, used 49684K [0x00000000f3c00000, 0x00000000f9940000, 0x00000000fcf00000)
  object space 95488K, 52% used [0x00000000f3c00000,0x00000000f6c853e8,0x00000000f9940000)
 PSPermGen       total 108544K, used 52417K [0x00000000ebc00000, 0x00000000f2600000, 0x00000000f3c00000)
  object space 108544K, 48% used [0x00000000ebc00000,0x00000000eef30730,0x00000000f2600000)
Event: 17.774 GC heap after
Heap after GC invocations=43 (full 2):
 PSYoungGen      total 33408K, used 3510K [0x00000000fcf00000, 0x00000000ffb10000, 0x0000000100000000)
  eden space 21504K, 0% used [0x00000000fcf00000,0x00000000fcf00000,0x00000000fe400000)
  from space 11904K, 29% used [0x00000000fe400000,0x00000000fe76d9c0,0x00000000fefa0000)
  to   space 11264K, 0% used [0x00000000ff010000,0x00000000ff010000,0x00000000ffb10000)
 ParOldGen       total 95488K, used 49692K [0x00000000f3c00000, 0x00000000f9940000, 0x00000000fcf00000)
  object space 95488K, 52% used [0x00000000f3c00000,0x00000000f6c873e8,0x00000000f9940000)
 PSPermGen       total 108544K, used 52417K [0x00000000ebc00000, 0x00000000f2600000, 0x00000000f3c00000)
  object space 108544K, 48% used [0x00000000ebc00000,0x00000000eef30730,0x00000000f2600000)
}
Event: 53.297 GC heap before
{Heap before GC invocations=44 (full 2):
 PSYoungGen      total 33408K, used 25014K [0x00000000fcf00000, 0x00000000ffb10000, 0x0000000100000000)
  eden space 21504K, 100% used [0x00000000fcf00000,0x00000000fe400000,0x00000000fe400000)
  from space 11904K, 29% used [0x00000000fe400000,0x00000000fe76d9c0,0x00000000fefa0000)
  to   space 11264K, 0% used [0x00000000ff010000,0x00000000ff010000,0x00000000ffb10000)
 ParOldGen       total 95488K, used 49699K [0x00000000f3c00000, 0x00000000f9940000, 0x00000000fcf00000)
  object space 95488K, 52% used [0x00000000f3c00000,0x00000000f6c88df8,0x00000000f9940000)
 PSPermGen       total 108544K, used 52483K [0x00000000ebc00000, 0x00000000f2600000, 0x00000000f3c00000)
  object space 108544K, 48% used [0x00000000ebc00000,0x00000000eef40cd0,0x00000000f2600000)
Event: 53.301 GC heap after
Heap after GC invocations=44 (full 2):
 PSYoungGen      total 31936K, used 3792K [0x00000000fcf00000, 0x00000000ff970000, 0x0000000100000000)
  eden space 22336K, 0% used [0x00000000fcf00000,0x00000000fcf00000,0x00000000fe4d0000)
  from space 9600K, 39% used [0x00000000ff010000,0x00000000ff3c4198,0x00000000ff970000)
  to   space 10560K, 0% used [0x00000000fe4d0000,0x00000000fe4d0000,0x00000000fef20000)
 ParOldGen       total 95488K, used 49699K [0x00000000f3c00000, 0x00000000f9940000, 0x00000000fcf00000)
  object space 95488K, 52% used [0x00000000f3c00000,0x00000000f6c88df8,0x00000000f9940000)
 PSPermGen       total 108544K, used 52483K [0x00000000ebc00000, 0x00000000f2600000, 0x00000000f3c00000)
  object space 108544K, 48% used [0x00000000ebc00000,0x00000000eef40cd0,0x00000000f2600000)
}

