# JRE version: 7.0_25-b17
# Java VM: Java HotSpot(TM) 64-Bit Server VM (23.25-b01 mixed mode windows-amd64 compressed oops)
Heap
 PSYoungGen      total 39680K, used 14884K [0x00000000fcf00000, 0x00000000fff30000, 0x0000000100000000)
  eden space 29568K, 42% used [0x00000000fcf00000,0x00000000fdb2e7b0,0x00000000febe0000)
  from space 10112K, 23% used [0x00000000febe0000,0x00000000fee3aad8,0x00000000ff5c0000)
  to   space 9664K, 0% used [0x00000000ff5c0000,0x00000000ff5c0000,0x00000000fff30000)
 ParOldGen       total 93312K, used 50226K [0x00000000f3c00000, 0x00000000f9720000, 0x00000000fcf00000)
  object space 93312K, 53% used [0x00000000f3c00000,0x00000000f6d0c8c8,0x00000000f9720000)
 PSPermGen       total 106560K, used 53012K [0x00000000ebc00000, 0x00000000f2410000, 0x00000000f3c00000)
  object space 106560K, 49% used [0x00000000ebc00000,0x00000000eefc5178,0x00000000f2410000)
GC Heap History (10 events):
Event: 105.869 GC heap before
{Heap before GC invocations=41 (full 2):
 PSYoungGen      total 39296K, used 38838K [0x00000000fcf00000, 0x0000000100000000, 0x0000000100000000)
  eden space 30976K, 100% used [0x00000000fcf00000,0x00000000fed40000,0x00000000fed40000)
  from space 8320K, 94% used [0x00000000ff790000,0x00000000fff3da28,0x00000000fffb0000)
  to   space 9600K, 0% used [0x00000000fed40000,0x00000000fed40000,0x00000000ff6a0000)
 ParOldGen       total 93312K, used 50218K [0x00000000f3c00000, 0x00000000f9720000, 0x00000000fcf00000)
  object space 93312K, 53% used [0x00000000f3c00000,0x00000000f6d0a8c8,0x00000000f9720000)
 PSPermGen       total 106560K, used 52818K [0x00000000ebc00000, 0x00000000f2410000, 0x00000000f3c00000)
  object space 106560K, 49% used [0x00000000ebc00000,0x00000000eef948a8,0x00000000f2410000)
Event: 105.872 GC heap after
Heap after GC invocations=41 (full 2):
 PSYoungGen      total 38656K, used 7631K [0x00000000fcf00000, 0x0000000100000000, 0x0000000100000000)
  eden space 30976K, 0% used [0x00000000fcf00000,0x00000000fcf00000,0x00000000fed40000)
  from space 7680K, 99% used [0x00000000fed40000,0x00000000ff4b3d28,0x00000000ff4c0000)
  to   space 10560K, 0% used [0x00000000ff5b0000,0x00000000ff5b0000,0x0000000100000000)
 ParOldGen       total 93312K, used 50218K [0x00000000f3c00000, 0x00000000f9720000, 0x00000000fcf00000)
  object space 93312K, 53% used [0x00000000f3c00000,0x00000000f6d0a8c8,0x00000000f9720000)
 PSPermGen       total 106560K, used 52818K [0x00000000ebc00000, 0x00000000f2410000, 0x00000000f3c00000)
  object space 106560K, 49% used [0x00000000ebc00000,0x00000000eef948a8,0x00000000f2410000)
}
Event: 136.962 GC heap before
{Heap before GC invocations=42 (full 2):
 PSYoungGen      total 38656K, used 36201K [0x00000000fcf00000, 0x0000000100000000, 0x0000000100000000)
  eden space 30976K, 92% used [0x00000000fcf00000,0x00000000feae6938,0x00000000fed40000)
  from space 7680K, 99% used [0x00000000fed40000,0x00000000ff4b3d28,0x00000000ff4c0000)
  to   space 10560K, 0% used [0x00000000ff5b0000,0x00000000ff5b0000,0x0000000100000000)
 ParOldGen       total 93312K, used 50218K [0x00000000f3c00000, 0x00000000f9720000, 0x00000000fcf00000)
  object space 93312K, 53% used [0x00000000f3c00000,0x00000000f6d0a8c8,0x00000000f9720000)
 PSPermGen       total 106560K, used 52897K [0x00000000ebc00000, 0x00000000f2410000, 0x00000000f3c00000)
  object space 106560K, 49% used [0x00000000ebc00000,0x00000000eefa8688,0x00000000f2410000)
Event: 136.972 GC heap after
Heap after GC invocations=42 (full 2):
 PSYoungGen      total 40000K, used 1890K [0x00000000fcf00000, 0x0000000100000000, 0x0000000100000000)
  eden space 29440K, 0% used [0x00000000fcf00000,0x00000000fcf00000,0x00000000febc0000)
  from space 10560K, 17% used [0x00000000ff5b0000,0x00000000ff7888d8,0x0000000100000000)
  to   space 10176K, 0% used [0x00000000febc0000,0x00000000febc0000,0x00000000ff5b0000)
 ParOldGen       total 93312K, used 50218K [0x00000000f3c00000, 0x00000000f9720000, 0x00000000fcf00000)
  object space 93312K, 53% used [0x00000000f3c00000,0x00000000f6d0a8c8,0x00000000f9720000)
 PSPermGen       total 106560K, used 52897K [0x00000000ebc00000, 0x00000000f2410000, 0x00000000f3c00000)
  object space 106560K, 49% used [0x00000000ebc00000,0x00000000eefa8688,0x00000000f2410000)
}
Event: 137.157 GC heap before
{Heap before GC invocations=43 (full 2):
 PSYoungGen      total 40000K, used 31330K [0x00000000fcf00000, 0x0000000100000000, 0x0000000100000000)
  eden space 29440K, 100% used [0x00000000fcf00000,0x00000000febc0000,0x00000000febc0000)
  from space 10560K, 17% used [0x00000000ff5b0000,0x00000000ff7888d8,0x0000000100000000)
  to   space 10176K, 0% used [0x00000000febc0000,0x00000000febc0000,0x00000000ff5b0000)
 ParOldGen       total 93312K, used 50218K [0x00000000f3c00000, 0x00000000f9720000, 0x00000000fcf00000)
  object space 93312K, 53% used [0x00000000f3c00000,0x00000000f6d0a8c8,0x00000000f9720000)
 PSPermGen       total 106560K, used 52950K [0x00000000ebc00000, 0x00000000f2410000, 0x00000000f3c00000)
  object space 106560K, 49% used [0x00000000ebc00000,0x00000000eefb58e8,0x00000000f2410000)
Event: 137.160 GC heap after
Heap after GC invocations=43 (full 2):
 PSYoungGen      total 39616K, used 6051K [0x00000000fcf00000, 0x0000000100000000, 0x0000000100000000)
  eden space 29440K, 0% used [0x00000000fcf00000,0x00000000fcf00000,0x00000000febc0000)
  from space 10176K, 59% used [0x00000000febc0000,0x00000000ff1a8c90,0x00000000ff5b0000)
  to   space 10432K, 0% used [0x00000000ff5d0000,0x00000000ff5d0000,0x0000000100000000)
 ParOldGen       total 93312K, used 50218K [0x00000000f3c00000, 0x00000000f9720000, 0x00000000fcf00000)
  object space 93312K, 53% used [0x00000000f3c00000,0x00000000f6d0a8c8,0x00000000f9720000)
 PSPermGen       total 106560K, used 52950K [0x00000000ebc00000, 0x00000000f2410000, 0x00000000f3c00000)
  object space 106560K, 49% used [0x00000000ebc00000,0x00000000eefb58e8,0x00000000f2410000)
}
Event: 140.320 GC heap before
{Heap before GC invocations=44 (full 2):
 PSYoungGen      total 39616K, used 35491K [0x00000000fcf00000, 0x0000000100000000, 0x0000000100000000)
  eden space 29440K, 100% used [0x00000000fcf00000,0x00000000febc0000,0x00000000febc0000)
  from space 10176K, 59% used [0x00000000febc0000,0x00000000ff1a8c90,0x00000000ff5b0000)
  to   space 10432K, 0% used [0x00000000ff5d0000,0x00000000ff5d0000,0x0000000100000000)
 ParOldGen       total 93312K, used 50218K [0x00000000f3c00000, 0x00000000f9720000, 0x00000000fcf00000)
  object space 93312K, 53% used [0x00000000f3c00000,0x00000000f6d0a8c8,0x00000000f9720000)
 PSPermGen       total 106560K, used 52983K [0x00000000ebc00000, 0x00000000f2410000, 0x00000000f3c00000)
  object space 106560K, 49% used [0x00000000ebc00000,0x00000000eefbdcf0,0x00000000f2410000)
Event: 140.323 GC heap after
Heap after GC invocations=44 (full 2):
 PSYoungGen      total 39616K, used 2184K [0x00000000fcf00000, 0x00000000fffa0000, 0x0000000100000000)
  eden space 29568K, 0% used [0x00000000fcf00000,0x00000000fcf00000,0x00000000febe0000)
  from space 10048K, 21% used [0x00000000ff5d0000,0x00000000ff7f23a0,0x00000000fffa0000)
  to   space 10112K, 0% used [0x00000000febe0000,0x00000000febe0000,0x00000000ff5c0000)
 ParOldGen       total 93312K, used 50218K [0x00000000f3c00000, 0x00000000f9720000, 0x00000000fcf00000)
  object space 93312K, 53% used [0x00000000f3c00000,0x00000000f6d0a8c8,0x00000000f9720000)
 PSPermGen       total 106560K, used 52983K [0x00000000ebc00000, 0x00000000f2410000, 0x00000000f3c00000)
  object space 106560K, 49% used [0x00000000ebc00000,0x00000000eefbdcf0,0x00000000f2410000)
}
Event: 141.209 GC heap before
{Heap before GC invocations=45 (full 2):
 PSYoungGen      total 39616K, used 31752K [0x00000000fcf00000, 0x00000000fffa0000, 0x0000000100000000)
  eden space 29568K, 100% used [0x00000000fcf00000,0x00000000febe0000,0x00000000febe0000)
  from space 10048K, 21% used [0x00000000ff5d0000,0x00000000ff7f23a0,0x00000000fffa0000)
  to   space 10112K, 0% used [0x00000000febe0000,0x00000000febe0000,0x00000000ff5c0000)
 ParOldGen       total 93312K, used 50218K [0x00000000f3c00000, 0x00000000f9720000, 0x00000000fcf00000)
  object space 93312K, 53% used [0x00000000f3c00000,0x00000000f6d0a8c8,0x00000000f9720000)
 PSPermGen       total 106560K, used 53008K [0x00000000ebc00000, 0x00000000f2410000, 0x00000000f3c00000)
  object space 106560K, 49% used [0x00000000ebc00000,0x00000000eefc43a8,0x00000000f2410000)
Event: 141.211 GC heap after
Heap after GC invocations=45 (full 2):
 PSYoungGen      total 39680K, used 2410K [0x00000000fcf00000, 0x00000000fff30000, 0x0000000100000000)
  eden space 29568K, 0% used [0x00000000fcf00000,0x00000000fcf00000,0x00000000febe0000)
  from space 10112K, 23% used [0x00000000febe0000,0x00000000fee3aad8,0x00000000ff5c0000)
  to   space 9664K, 0% used [0x00000000ff5c0000,0x00000000ff5c0000,0x00000000fff30000)
 ParOldGen       total 93312K, used 50226K [0x00000000f3c00000, 0x00000000f9720000, 0x00000000fcf00000)
  object space 93312K, 53% used [0x00000000f3c00000,0x00000000f6d0c8c8,0x00000000f9720000)
 PSPermGen       total 106560K, used 53008K [0x00000000ebc00000, 0x00000000f2410000, 0x00000000f3c00000)
  object space 106560K, 49% used [0x00000000ebc00000,0x00000000eefc43a8,0x00000000f2410000)
}

