# JRE version: 7.0_25-b17
# Java VM: Java HotSpot(TM) 64-Bit Server VM (23.25-b01 mixed mode windows-amd64 compressed oops)
Heap
 PSYoungGen      total 28672K, used 23136K [0x00000000fcf00000, 0x0000000100000000, 0x0000000100000000)
  eden space 17408K, 68% used [0x00000000fcf00000,0x00000000fdaa4570,0x00000000fe000000)
  from space 11264K, 99% used [0x00000000fe000000,0x00000000feaf3b30,0x00000000feb00000)
  to   space 16704K, 0% used [0x00000000fefb0000,0x00000000fefb0000,0x0000000100000000)
 ParOldGen       total 92096K, used 40562K [0x00000000f3c00000, 0x00000000f95f0000, 0x00000000fcf00000)
  object space 92096K, 44% used [0x00000000f3c00000,0x00000000f639cb30,0x00000000f95f0000)
 PSPermGen       total 104064K, used 52679K [0x00000000ebc00000, 0x00000000f21a0000, 0x00000000f3c00000)
  object space 104064K, 50% used [0x00000000ebc00000,0x00000000eef71df0,0x00000000f21a0000)
GC Heap History (10 events):
Event: 16.733 GC heap before
{Heap before GC invocations=43 (full 2):
 PSYoungGen      total 36288K, used 27696K [0x00000000fcf00000, 0x0000000100000000, 0x0000000100000000)
  eden space 22784K, 84% used [0x00000000fcf00000,0x00000000fe1d90e8,0x00000000fe540000)
  from space 13504K, 62% used [0x00000000ff2d0000,0x00000000ffb032d0,0x0000000100000000)
  to   space 13696K, 0% used [0x00000000fe540000,0x00000000fe540000,0x00000000ff2a0000)
 ParOldGen       total 92096K, used 40122K [0x00000000f3c00000, 0x00000000f95f0000, 0x00000000fcf00000)
  object space 92096K, 43% used [0x00000000f3c00000,0x00000000f632eaf0,0x00000000f95f0000)
 PSPermGen       total 104064K, used 52561K [0x00000000ebc00000, 0x00000000f21a0000, 0x00000000f3c00000)
  object space 104064K, 50% used [0x00000000ebc00000,0x00000000eef54598,0x00000000f21a0000)
Event: 16.742 GC heap after
Heap after GC invocations=43 (full 2):
 PSYoungGen      total 36480K, used 7772K [0x00000000fcf00000, 0x00000000ffff0000, 0x0000000100000000)
  eden space 22784K, 0% used [0x00000000fcf00000,0x00000000fcf00000,0x00000000fe540000)
  from space 13696K, 56% used [0x00000000fe540000,0x00000000fecd7070,0x00000000ff2a0000)
  to   space 13568K, 0% used [0x00000000ff2b0000,0x00000000ff2b0000,0x00000000ffff0000)
 ParOldGen       total 92096K, used 40130K [0x00000000f3c00000, 0x00000000f95f0000, 0x00000000fcf00000)
  object space 92096K, 43% used [0x00000000f3c00000,0x00000000f6330af0,0x00000000f95f0000)
 PSPermGen       total 104064K, used 52561K [0x00000000ebc00000, 0x00000000f21a0000, 0x00000000f3c00000)
  object space 104064K, 50% used [0x00000000ebc00000,0x00000000eef54598,0x00000000f21a0000)
}
Event: 16.857 GC heap before
{Heap before GC invocations=44 (full 2):
 PSYoungGen      total 36480K, used 30556K [0x00000000fcf00000, 0x00000000ffff0000, 0x0000000100000000)
  eden space 22784K, 100% used [0x00000000fcf00000,0x00000000fe540000,0x00000000fe540000)
  from space 13696K, 56% used [0x00000000fe540000,0x00000000fecd7070,0x00000000ff2a0000)
  to   space 13568K, 0% used [0x00000000ff2b0000,0x00000000ff2b0000,0x00000000ffff0000)
 ParOldGen       total 92096K, used 40130K [0x00000000f3c00000, 0x00000000f95f0000, 0x00000000fcf00000)
  object space 92096K, 43% used [0x00000000f3c00000,0x00000000f6330af0,0x00000000f95f0000)
 PSPermGen       total 104064K, used 52589K [0x00000000ebc00000, 0x00000000f21a0000, 0x00000000f3c00000)
  object space 104064K, 50% used [0x00000000ebc00000,0x00000000eef5b4d8,0x00000000f21a0000)
Event: 16.862 GC heap after
Heap after GC invocations=44 (full 2):
 PSYoungGen      total 34048K, used 11742K [0x00000000fcf00000, 0x0000000100000000, 0x0000000100000000)
  eden space 20480K, 0% used [0x00000000fcf00000,0x00000000fcf00000,0x00000000fe300000)
  from space 13568K, 86% used [0x00000000ff2b0000,0x00000000ffe27b20,0x00000000ffff0000)
  to   space 14848K, 0% used [0x00000000fe300000,0x00000000fe300000,0x00000000ff180000)
 ParOldGen       total 92096K, used 40130K [0x00000000f3c00000, 0x00000000f95f0000, 0x00000000fcf00000)
  object space 92096K, 43% used [0x00000000f3c00000,0x00000000f6330af0,0x00000000f95f0000)
 PSPermGen       total 104064K, used 52589K [0x00000000ebc00000, 0x00000000f21a0000, 0x00000000f3c00000)
  object space 104064K, 50% used [0x00000000ebc00000,0x00000000eef5b4d8,0x00000000f21a0000)
}
Event: 26.332 GC heap before
{Heap before GC invocations=45 (full 2):
 PSYoungGen      total 34048K, used 32222K [0x00000000fcf00000, 0x0000000100000000, 0x0000000100000000)
  eden space 20480K, 100% used [0x00000000fcf00000,0x00000000fe300000,0x00000000fe300000)
  from space 13568K, 86% used [0x00000000ff2b0000,0x00000000ffe27b20,0x00000000ffff0000)
  to   space 14848K, 0% used [0x00000000fe300000,0x00000000fe300000,0x00000000ff180000)
 ParOldGen       total 92096K, used 40130K [0x00000000f3c00000, 0x00000000f95f0000, 0x00000000fcf00000)
  object space 92096K, 43% used [0x00000000f3c00000,0x00000000f6330af0,0x00000000f95f0000)
 PSPermGen       total 104064K, used 52608K [0x00000000ebc00000, 0x00000000f21a0000, 0x00000000f3c00000)
  object space 104064K, 50% used [0x00000000ebc00000,0x00000000eef603c0,0x00000000f21a0000)
Event: 26.336 GC heap after
Heap after GC invocations=45 (full 2):
 PSYoungGen      total 32000K, used 11476K [0x00000000fcf00000, 0x0000000100000000, 0x0000000100000000)
  eden space 20480K, 0% used [0x00000000fcf00000,0x00000000fcf00000,0x00000000fe300000)
  from space 11520K, 99% used [0x00000000fe300000,0x00000000fee351a8,0x00000000fee40000)
  to   space 15808K, 0% used [0x00000000ff090000,0x00000000ff090000,0x0000000100000000)
 ParOldGen       total 92096K, used 40418K [0x00000000f3c00000, 0x00000000f95f0000, 0x00000000fcf00000)
  object space 92096K, 43% used [0x00000000f3c00000,0x00000000f6378b30,0x00000000f95f0000)
 PSPermGen       total 104064K, used 52608K [0x00000000ebc00000, 0x00000000f21a0000, 0x00000000f3c00000)
  object space 104064K, 50% used [0x00000000ebc00000,0x00000000eef603c0,0x00000000f21a0000)
}
Event: 29.678 GC heap before
{Heap before GC invocations=46 (full 2):
 PSYoungGen      total 32000K, used 31956K [0x00000000fcf00000, 0x0000000100000000, 0x0000000100000000)
  eden space 20480K, 100% used [0x00000000fcf00000,0x00000000fe300000,0x00000000fe300000)
  from space 11520K, 99% used [0x00000000fe300000,0x00000000fee351a8,0x00000000fee40000)
  to   space 15808K, 0% used [0x00000000ff090000,0x00000000ff090000,0x0000000100000000)
 ParOldGen       total 92096K, used 40418K [0x00000000f3c00000, 0x00000000f95f0000, 0x00000000fcf00000)
  object space 92096K, 43% used [0x00000000f3c00000,0x00000000f6378b30,0x00000000f95f0000)
 PSPermGen       total 104064K, used 52641K [0x00000000ebc00000, 0x00000000f21a0000, 0x00000000f3c00000)
  object space 104064K, 50% used [0x00000000ebc00000,0x00000000eef685a0,0x00000000f21a0000)
Event: 29.683 GC heap after
Heap after GC invocations=46 (full 2):
 PSYoungGen      total 33216K, used 11188K [0x00000000fcf00000, 0x0000000100000000, 0x0000000100000000)
  eden space 17408K, 0% used [0x00000000fcf00000,0x00000000fcf00000,0x00000000fe000000)
  from space 15808K, 70% used [0x00000000ff090000,0x00000000ffb7d1a8,0x0000000100000000)
  to   space 16384K, 0% used [0x00000000fe000000,0x00000000fe000000,0x00000000ff000000)
 ParOldGen       total 92096K, used 40482K [0x00000000f3c00000, 0x00000000f95f0000, 0x00000000fcf00000)
  object space 92096K, 43% used [0x00000000f3c00000,0x00000000f6388b30,0x00000000f95f0000)
 PSPermGen       total 104064K, used 52641K [0x00000000ebc00000, 0x00000000f21a0000, 0x00000000f3c00000)
  object space 104064K, 50% used [0x00000000ebc00000,0x00000000eef685a0,0x00000000f21a0000)
}
Event: 62.603 GC heap before
{Heap before GC invocations=47 (full 2):
 PSYoungGen      total 33216K, used 28596K [0x00000000fcf00000, 0x0000000100000000, 0x0000000100000000)
  eden space 17408K, 100% used [0x00000000fcf00000,0x00000000fe000000,0x00000000fe000000)
  from space 15808K, 70% used [0x00000000ff090000,0x00000000ffb7d1a8,0x0000000100000000)
  to   space 16384K, 0% used [0x00000000fe000000,0x00000000fe000000,0x00000000ff000000)
 ParOldGen       total 92096K, used 40482K [0x00000000f3c00000, 0x00000000f95f0000, 0x00000000fcf00000)
  object space 92096K, 43% used [0x00000000f3c00000,0x00000000f6388b30,0x00000000f95f0000)
 PSPermGen       total 104064K, used 52664K [0x00000000ebc00000, 0x00000000f21a0000, 0x00000000f3c00000)
  object space 104064K, 50% used [0x00000000ebc00000,0x00000000eef6e108,0x00000000f21a0000)
Event: 62.609 GC heap after
Heap after GC invocations=47 (full 2):
 PSYoungGen      total 28672K, used 11214K [0x00000000fcf00000, 0x0000000100000000, 0x0000000100000000)
  eden space 17408K, 0% used [0x00000000fcf00000,0x00000000fcf00000,0x00000000fe000000)
  from space 11264K, 99% used [0x00000000fe000000,0x00000000feaf3b30,0x00000000feb00000)
  to   space 16704K, 0% used [0x00000000fefb0000,0x00000000fefb0000,0x0000000100000000)
 ParOldGen       total 92096K, used 40562K [0x00000000f3c00000, 0x00000000f95f0000, 0x00000000fcf00000)
  object space 92096K, 44% used [0x00000000f3c00000,0x00000000f639cb30,0x00000000f95f0000)
 PSPermGen       total 104064K, used 52664K [0x00000000ebc00000, 0x00000000f21a0000, 0x00000000f3c00000)
  object space 104064K, 50% used [0x00000000ebc00000,0x00000000eef6e108,0x00000000f21a0000)
}

