# JRE version: 7.0_25-b17
# Java VM: Java HotSpot(TM) 64-Bit Server VM (23.25-b01 mixed mode windows-amd64 compressed oops)
Heap
 PSYoungGen      total 32640K, used 19434K [0x00000000fcf00000, 0x0000000100000000, 0x0000000100000000)
  eden space 25088K, 47% used [0x00000000fcf00000,0x00000000fdaa52e0,0x00000000fe780000)
  from space 7552K, 99% used [0x00000000fe780000,0x00000000feed55c0,0x00000000feee0000)
  to   space 12736K, 0% used [0x00000000ff390000,0x00000000ff390000,0x0000000100000000)
 ParOldGen       total 64256K, used 37555K [0x00000000f3c00000, 0x00000000f7ac0000, 0x00000000fcf00000)
  object space 64256K, 58% used [0x00000000f3c00000,0x00000000f60acc58,0x00000000f7ac0000)
 PSPermGen       total 78976K, used 48924K [0x00000000ebc00000, 0x00000000f0920000, 0x00000000f3c00000)
  object space 78976K, 61% used [0x00000000ebc00000,0x00000000eebc7310,0x00000000f0920000)
GC Heap History (10 events):
Event: 6.179 GC heap before
{Heap before GC invocations=34 (full 1):
 PSYoungGen      total 38976K, used 36997K [0x00000000fcf00000, 0x0000000100000000, 0x0000000100000000)
  eden space 29696K, 100% used [0x00000000fcf00000,0x00000000fec00000,0x00000000fec00000)
  from space 9280K, 78% used [0x00000000ff6f0000,0x00000000ffe11790,0x0000000100000000)
  to   space 10240K, 0% used [0x00000000fec00000,0x00000000fec00000,0x00000000ff600000)
 ParOldGen       total 64256K, used 37459K [0x00000000f3c00000, 0x00000000f7ac0000, 0x00000000fcf00000)
  object space 64256K, 58% used [0x00000000f3c00000,0x00000000f6094c40,0x00000000f7ac0000)
 PSPermGen       total 78976K, used 46770K [0x00000000ebc00000, 0x00000000f0920000, 0x00000000f3c00000)
  object space 78976K, 59% used [0x00000000ebc00000,0x00000000ee9ac8a0,0x00000000f0920000)
Event: 6.183 GC heap after
Heap after GC invocations=34 (full 1):
 PSYoungGen      total 37184K, used 7441K [0x00000000fcf00000, 0x0000000100000000, 0x0000000100000000)
  eden space 29696K, 0% used [0x00000000fcf00000,0x00000000fcf00000,0x00000000fec00000)
  from space 7488K, 99% used [0x00000000fec00000,0x00000000ff344540,0x00000000ff350000)
  to   space 11008K, 0% used [0x00000000ff540000,0x00000000ff540000,0x0000000100000000)
 ParOldGen       total 64256K, used 37459K [0x00000000f3c00000, 0x00000000f7ac0000, 0x00000000fcf00000)
  object space 64256K, 58% used [0x00000000f3c00000,0x00000000f6094c40,0x00000000f7ac0000)
 PSPermGen       total 78976K, used 46770K [0x00000000ebc00000, 0x00000000f0920000, 0x00000000f3c00000)
  object space 78976K, 59% used [0x00000000ebc00000,0x00000000ee9ac8a0,0x00000000f0920000)
}
Event: 6.268 GC heap before
{Heap before GC invocations=35 (full 1):
 PSYoungGen      total 37184K, used 37137K [0x00000000fcf00000, 0x0000000100000000, 0x0000000100000000)
  eden space 29696K, 100% used [0x00000000fcf00000,0x00000000fec00000,0x00000000fec00000)
  from space 7488K, 99% used [0x00000000fec00000,0x00000000ff344540,0x00000000ff350000)
  to   space 11008K, 0% used [0x00000000ff540000,0x00000000ff540000,0x0000000100000000)
 ParOldGen       total 64256K, used 37459K [0x00000000f3c00000, 0x00000000f7ac0000, 0x00000000fcf00000)
  object space 64256K, 58% used [0x00000000f3c00000,0x00000000f6094c40,0x00000000f7ac0000)
 PSPermGen       total 78976K, used 48291K [0x00000000ebc00000, 0x00000000f0920000, 0x00000000f3c00000)
  object space 78976K, 61% used [0x00000000ebc00000,0x00000000eeb28d40,0x00000000f0920000)
Event: 6.272 GC heap after
Heap after GC invocations=35 (full 1):
 PSYoungGen      total 37760K, used 7821K [0x00000000fcf00000, 0x0000000100000000, 0x0000000100000000)
  eden space 26752K, 0% used [0x00000000fcf00000,0x00000000fcf00000,0x00000000fe920000)
  from space 11008K, 71% used [0x00000000ff540000,0x00000000ffce34b0,0x0000000100000000)
  to   space 11712K, 0% used [0x00000000fe920000,0x00000000fe920000,0x00000000ff490000)
 ParOldGen       total 64256K, used 37459K [0x00000000f3c00000, 0x00000000f7ac0000, 0x00000000fcf00000)
  object space 64256K, 58% used [0x00000000f3c00000,0x00000000f6094c40,0x00000000f7ac0000)
 PSPermGen       total 78976K, used 48291K [0x00000000ebc00000, 0x00000000f0920000, 0x00000000f3c00000)
  object space 78976K, 61% used [0x00000000ebc00000,0x00000000eeb28d40,0x00000000f0920000)
}
Event: 19.768 GC heap before
{Heap before GC invocations=36 (full 1):
 PSYoungGen      total 37760K, used 34573K [0x00000000fcf00000, 0x0000000100000000, 0x0000000100000000)
  eden space 26752K, 100% used [0x00000000fcf00000,0x00000000fe920000,0x00000000fe920000)
  from space 11008K, 71% used [0x00000000ff540000,0x00000000ffce34b0,0x0000000100000000)
  to   space 11712K, 0% used [0x00000000fe920000,0x00000000fe920000,0x00000000ff490000)
 ParOldGen       total 64256K, used 37459K [0x00000000f3c00000, 0x00000000f7ac0000, 0x00000000fcf00000)
  object space 64256K, 58% used [0x00000000f3c00000,0x00000000f6094c40,0x00000000f7ac0000)
 PSPermGen       total 78976K, used 48825K [0x00000000ebc00000, 0x00000000f0920000, 0x00000000f3c00000)
  object space 78976K, 61% used [0x00000000ebc00000,0x00000000eebae590,0x00000000f0920000)
Event: 19.773 GC heap after
Heap after GC invocations=36 (full 1):
 PSYoungGen      total 34624K, used 7843K [0x00000000fcf00000, 0x0000000100000000, 0x0000000100000000)
  eden space 26752K, 0% used [0x00000000fcf00000,0x00000000fcf00000,0x00000000fe920000)
  from space 7872K, 99% used [0x00000000fe920000,0x00000000ff0c8f08,0x00000000ff0d0000)
  to   space 12288K, 0% used [0x00000000ff400000,0x00000000ff400000,0x0000000100000000)
 ParOldGen       total 64256K, used 37547K [0x00000000f3c00000, 0x00000000f7ac0000, 0x00000000fcf00000)
  object space 64256K, 58% used [0x00000000f3c00000,0x00000000f60aac40,0x00000000f7ac0000)
 PSPermGen       total 78976K, used 48825K [0x00000000ebc00000, 0x00000000f0920000, 0x00000000f3c00000)
  object space 78976K, 61% used [0x00000000ebc00000,0x00000000eebae590,0x00000000f0920000)
}
Event: 21.135 GC heap before
{Heap before GC invocations=37 (full 1):
 PSYoungGen      total 34624K, used 34595K [0x00000000fcf00000, 0x0000000100000000, 0x0000000100000000)
  eden space 26752K, 100% used [0x00000000fcf00000,0x00000000fe920000,0x00000000fe920000)
  from space 7872K, 99% used [0x00000000fe920000,0x00000000ff0c8f08,0x00000000ff0d0000)
  to   space 12288K, 0% used [0x00000000ff400000,0x00000000ff400000,0x0000000100000000)
 ParOldGen       total 64256K, used 37547K [0x00000000f3c00000, 0x00000000f7ac0000, 0x00000000fcf00000)
  object space 64256K, 58% used [0x00000000f3c00000,0x00000000f60aac40,0x00000000f7ac0000)
 PSPermGen       total 78976K, used 48861K [0x00000000ebc00000, 0x00000000f0920000, 0x00000000f3c00000)
  object space 78976K, 61% used [0x00000000ebc00000,0x00000000eebb7458,0x00000000f0920000)
Event: 21.139 GC heap after
Heap after GC invocations=37 (full 1):
 PSYoungGen      total 37376K, used 7563K [0x00000000fcf00000, 0x0000000100000000, 0x0000000100000000)
  eden space 25088K, 0% used [0x00000000fcf00000,0x00000000fcf00000,0x00000000fe780000)
  from space 12288K, 61% used [0x00000000ff400000,0x00000000ffb62c40,0x0000000100000000)
  to   space 12544K, 0% used [0x00000000fe780000,0x00000000fe780000,0x00000000ff3c0000)
 ParOldGen       total 64256K, used 37555K [0x00000000f3c00000, 0x00000000f7ac0000, 0x00000000fcf00000)
  object space 64256K, 58% used [0x00000000f3c00000,0x00000000f60acc40,0x00000000f7ac0000)
 PSPermGen       total 78976K, used 48861K [0x00000000ebc00000, 0x00000000f0920000, 0x00000000f3c00000)
  object space 78976K, 61% used [0x00000000ebc00000,0x00000000eebb7458,0x00000000f0920000)
}
Event: 23.510 GC heap before
{Heap before GC invocations=38 (full 1):
 PSYoungGen      total 37376K, used 32651K [0x00000000fcf00000, 0x0000000100000000, 0x0000000100000000)
  eden space 25088K, 100% used [0x00000000fcf00000,0x00000000fe780000,0x00000000fe780000)
  from space 12288K, 61% used [0x00000000ff400000,0x00000000ffb62c40,0x0000000100000000)
  to   space 12544K, 0% used [0x00000000fe780000,0x00000000fe780000,0x00000000ff3c0000)
 ParOldGen       total 64256K, used 37555K [0x00000000f3c00000, 0x00000000f7ac0000, 0x00000000fcf00000)
  object space 64256K, 58% used [0x00000000f3c00000,0x00000000f60acc58,0x00000000f7ac0000)
 PSPermGen       total 78976K, used 48899K [0x00000000ebc00000, 0x00000000f0920000, 0x00000000f3c00000)
  object space 78976K, 61% used [0x00000000ebc00000,0x00000000eebc0f28,0x00000000f0920000)
Event: 23.514 GC heap after
Heap after GC invocations=38 (full 1):
 PSYoungGen      total 32640K, used 7509K [0x00000000fcf00000, 0x0000000100000000, 0x0000000100000000)
  eden space 25088K, 0% used [0x00000000fcf00000,0x00000000fcf00000,0x00000000fe780000)
  from space 7552K, 99% used [0x00000000fe780000,0x00000000feed55c0,0x00000000feee0000)
  to   space 12736K, 0% used [0x00000000ff390000,0x00000000ff390000,0x0000000100000000)
 ParOldGen       total 64256K, used 37555K [0x00000000f3c00000, 0x00000000f7ac0000, 0x00000000fcf00000)
  object space 64256K, 58% used [0x00000000f3c00000,0x00000000f60acc58,0x00000000f7ac0000)
 PSPermGen       total 78976K, used 48899K [0x00000000ebc00000, 0x00000000f0920000, 0x00000000f3c00000)
  object space 78976K, 61% used [0x00000000ebc00000,0x00000000eebc0f28,0x00000000f0920000)
}

