# JRE version: 7.0_25-b17
# Java VM: Java HotSpot(TM) 64-Bit Server VM (23.25-b01 mixed mode windows-amd64 compressed oops)
Heap
 PSYoungGen      total 32448K, used 7240K [0x00000000fcf00000, 0x00000000ff4a0000, 0x0000000100000000)
  eden space 28544K, 14% used [0x00000000fcf00000,0x00000000fd2fbd70,0x00000000feae0000)
  from space 3904K, 80% used [0x00000000ff0d0000,0x00000000ff3e6630,0x00000000ff4a0000)
  to   space 4992K, 0% used [0x00000000feae0000,0x00000000feae0000,0x00000000fefc0000)
 ParOldGen       total 81792K, used 60410K [0x00000000f3c00000, 0x00000000f8be0000, 0x00000000fcf00000)
  object space 81792K, 73% used [0x00000000f3c00000,0x00000000f76febb8,0x00000000f8be0000)
 PSPermGen       total 91776K, used 54392K [0x00000000ebc00000, 0x00000000f15a0000, 0x00000000f3c00000)
  object space 91776K, 59% used [0x00000000ebc00000,0x00000000ef11e010,0x00000000f15a0000)
GC Heap History (10 events):
Event: 199.054 GC heap before
{Heap before GC invocations=49 (full 1):
 PSYoungGen      total 37952K, used 37929K [0x00000000fcf00000, 0x00000000ffab0000, 0x0000000100000000)
  eden space 33472K, 100% used [0x00000000fcf00000,0x00000000fefb0000,0x00000000fefb0000)
  from space 4480K, 99% used [0x00000000ff0c0000,0x00000000ff51a6b0,0x00000000ff520000)
  to   space 5632K, 0% used [0x00000000ff530000,0x00000000ff530000,0x00000000ffab0000)
 ParOldGen       total 81792K, used 58519K [0x00000000f3c00000, 0x00000000f8be0000, 0x00000000fcf00000)
  object space 81792K, 71% used [0x00000000f3c00000,0x00000000f7525dc8,0x00000000f8be0000)
 PSPermGen       total 91776K, used 54297K [0x00000000ebc00000, 0x00000000f15a0000, 0x00000000f3c00000)
  object space 91776K, 59% used [0x00000000ebc00000,0x00000000ef106760,0x00000000f15a0000)
Event: 199.061 GC heap after
Heap after GC invocations=49 (full 1):
 PSYoungGen      total 36800K, used 3836K [0x00000000fcf00000, 0x00000000ff980000, 0x0000000100000000)
  eden space 32384K, 0% used [0x00000000fcf00000,0x00000000fcf00000,0x00000000feea0000)
  from space 4416K, 86% used [0x00000000ff530000,0x00000000ff8ef288,0x00000000ff980000)
  to   space 5568K, 0% used [0x00000000feea0000,0x00000000feea0000,0x00000000ff410000)
 ParOldGen       total 81792K, used 58820K [0x00000000f3c00000, 0x00000000f8be0000, 0x00000000fcf00000)
  object space 81792K, 71% used [0x00000000f3c00000,0x00000000f7571130,0x00000000f8be0000)
 PSPermGen       total 91776K, used 54297K [0x00000000ebc00000, 0x00000000f15a0000, 0x00000000f3c00000)
  object space 91776K, 59% used [0x00000000ebc00000,0x00000000ef106760,0x00000000f15a0000)
}
Event: 202.539 GC heap before
{Heap before GC invocations=50 (full 1):
 PSYoungGen      total 36800K, used 36220K [0x00000000fcf00000, 0x00000000ff980000, 0x0000000100000000)
  eden space 32384K, 100% used [0x00000000fcf00000,0x00000000feea0000,0x00000000feea0000)
  from space 4416K, 86% used [0x00000000ff530000,0x00000000ff8ef288,0x00000000ff980000)
  to   space 5568K, 0% used [0x00000000feea0000,0x00000000feea0000,0x00000000ff410000)
 ParOldGen       total 81792K, used 58820K [0x00000000f3c00000, 0x00000000f8be0000, 0x00000000fcf00000)
  object space 81792K, 71% used [0x00000000f3c00000,0x00000000f7571130,0x00000000f8be0000)
 PSPermGen       total 91776K, used 54335K [0x00000000ebc00000, 0x00000000f15a0000, 0x00000000f3c00000)
  object space 91776K, 59% used [0x00000000ebc00000,0x00000000ef10fd48,0x00000000f15a0000)
Event: 202.543 GC heap after
Heap after GC invocations=50 (full 1):
 PSYoungGen      total 34880K, used 3516K [0x00000000fcf00000, 0x00000000ff820000, 0x0000000100000000)
  eden space 31360K, 0% used [0x00000000fcf00000,0x00000000fcf00000,0x00000000feda0000)
  from space 3520K, 99% used [0x00000000feea0000,0x00000000ff20f288,0x00000000ff210000)
  to   space 5376K, 0% used [0x00000000ff2e0000,0x00000000ff2e0000,0x00000000ff820000)
 ParOldGen       total 81792K, used 59148K [0x00000000f3c00000, 0x00000000f8be0000, 0x00000000fcf00000)
  object space 81792K, 72% used [0x00000000f3c00000,0x00000000f75c3130,0x00000000f8be0000)
 PSPermGen       total 91776K, used 54335K [0x00000000ebc00000, 0x00000000f15a0000, 0x00000000f3c00000)
  object space 91776K, 59% used [0x00000000ebc00000,0x00000000ef10fd48,0x00000000f15a0000)
}
Event: 209.755 GC heap before
{Heap before GC invocations=51 (full 1):
 PSYoungGen      total 34880K, used 34876K [0x00000000fcf00000, 0x00000000ff820000, 0x0000000100000000)
  eden space 31360K, 100% used [0x00000000fcf00000,0x00000000feda0000,0x00000000feda0000)
  from space 3520K, 99% used [0x00000000feea0000,0x00000000ff20f288,0x00000000ff210000)
  to   space 5376K, 0% used [0x00000000ff2e0000,0x00000000ff2e0000,0x00000000ff820000)
 ParOldGen       total 81792K, used 59148K [0x00000000f3c00000, 0x00000000f8be0000, 0x00000000fcf00000)
  object space 81792K, 72% used [0x00000000f3c00000,0x00000000f75c3130,0x00000000f8be0000)
 PSPermGen       total 91776K, used 54365K [0x00000000ebc00000, 0x00000000f15a0000, 0x00000000f3c00000)
  object space 91776K, 59% used [0x00000000ebc00000,0x00000000ef1176d8,0x00000000f15a0000)
Event: 209.762 GC heap after
Heap after GC invocations=51 (full 1):
 PSYoungGen      total 34432K, used 3452K [0x00000000fcf00000, 0x00000000ff6d0000, 0x0000000100000000)
  eden space 30400K, 0% used [0x00000000fcf00000,0x00000000fcf00000,0x00000000fecb0000)
  from space 4032K, 85% used [0x00000000ff2e0000,0x00000000ff63f288,0x00000000ff6d0000)
  to   space 5184K, 0% used [0x00000000fecb0000,0x00000000fecb0000,0x00000000ff1c0000)
 ParOldGen       total 81792K, used 59518K [0x00000000f3c00000, 0x00000000f8be0000, 0x00000000fcf00000)
  object space 81792K, 72% used [0x00000000f3c00000,0x00000000f761fba8,0x00000000f8be0000)
 PSPermGen       total 91776K, used 54365K [0x00000000ebc00000, 0x00000000f15a0000, 0x00000000f3c00000)
  object space 91776K, 59% used [0x00000000ebc00000,0x00000000ef1176d8,0x00000000f15a0000)
}
Event: 211.520 GC heap before
{Heap before GC invocations=52 (full 1):
 PSYoungGen      total 34432K, used 33852K [0x00000000fcf00000, 0x00000000ff6d0000, 0x0000000100000000)
  eden space 30400K, 100% used [0x00000000fcf00000,0x00000000fecb0000,0x00000000fecb0000)
  from space 4032K, 85% used [0x00000000ff2e0000,0x00000000ff63f288,0x00000000ff6d0000)
  to   space 5184K, 0% used [0x00000000fecb0000,0x00000000fecb0000,0x00000000ff1c0000)
 ParOldGen       total 81792K, used 59518K [0x00000000f3c00000, 0x00000000f8be0000, 0x00000000fcf00000)
  object space 81792K, 72% used [0x00000000f3c00000,0x00000000f761fba8,0x00000000f8be0000)
 PSPermGen       total 91776K, used 54379K [0x00000000ebc00000, 0x00000000f15a0000, 0x00000000f3c00000)
  object space 91776K, 59% used [0x00000000ebc00000,0x00000000ef11ad60,0x00000000f15a0000)
Event: 211.526 GC heap after
Heap after GC invocations=52 (full 1):
 PSYoungGen      total 32064K, used 2567K [0x00000000fcf00000, 0x00000000ff5e0000, 0x0000000100000000)
  eden space 29440K, 0% used [0x00000000fcf00000,0x00000000fcf00000,0x00000000febc0000)
  from space 2624K, 97% used [0x00000000fecb0000,0x00000000fef31f20,0x00000000fef40000)
  to   space 5184K, 0% used [0x00000000ff0d0000,0x00000000ff0d0000,0x00000000ff5e0000)
 ParOldGen       total 81792K, used 60362K [0x00000000f3c00000, 0x00000000f8be0000, 0x00000000fcf00000)
  object space 81792K, 73% used [0x00000000f3c00000,0x00000000f76f2bb8,0x00000000f8be0000)
 PSPermGen       total 91776K, used 54379K [0x00000000ebc00000, 0x00000000f15a0000, 0x00000000f3c00000)
  object space 91776K, 59% used [0x00000000ebc00000,0x00000000ef11ad60,0x00000000f15a0000)
}
Event: 216.352 GC heap before
{Heap before GC invocations=53 (full 1):
 PSYoungGen      total 32064K, used 32007K [0x00000000fcf00000, 0x00000000ff5e0000, 0x0000000100000000)
  eden space 29440K, 100% used [0x00000000fcf00000,0x00000000febc0000,0x00000000febc0000)
  from space 2624K, 97% used [0x00000000fecb0000,0x00000000fef31f20,0x00000000fef40000)
  to   space 5184K, 0% used [0x00000000ff0d0000,0x00000000ff0d0000,0x00000000ff5e0000)
 ParOldGen       total 81792K, used 60362K [0x00000000f3c00000, 0x00000000f8be0000, 0x00000000fcf00000)
  object space 81792K, 73% used [0x00000000f3c00000,0x00000000f76f2bb8,0x00000000f8be0000)
 PSPermGen       total 91776K, used 54392K [0x00000000ebc00000, 0x00000000f15a0000, 0x00000000f3c00000)
  object space 91776K, 59% used [0x00000000ebc00000,0x00000000ef11e010,0x00000000f15a0000)
Event: 216.355 GC heap after
Heap after GC invocations=53 (full 1):
 PSYoungGen      total 32448K, used 3161K [0x00000000fcf00000, 0x00000000ff4a0000, 0x0000000100000000)
  eden space 28544K, 0% used [0x00000000fcf00000,0x00000000fcf00000,0x00000000feae0000)
  from space 3904K, 80% used [0x00000000ff0d0000,0x00000000ff3e6630,0x00000000ff4a0000)
  to   space 4992K, 0% used [0x00000000feae0000,0x00000000feae0000,0x00000000fefc0000)
 ParOldGen       total 81792K, used 60410K [0x00000000f3c00000, 0x00000000f8be0000, 0x00000000fcf00000)
  object space 81792K, 73% used [0x00000000f3c00000,0x00000000f76febb8,0x00000000f8be0000)
 PSPermGen       total 91776K, used 54392K [0x00000000ebc00000, 0x00000000f15a0000, 0x00000000f3c00000)
  object space 91776K, 59% used [0x00000000ebc00000,0x00000000ef11e010,0x00000000f15a0000)
}

