# JRE version: 7.0_25-b17
# Java VM: Java HotSpot(TM) 64-Bit Server VM (23.25-b01 mixed mode windows-amd64 compressed oops)
Heap
 PSYoungGen      total 17600K, used 15114K [0x00000000fcf00000, 0x00000000ffef0000, 0x0000000100000000)
  eden space 16768K, 85% used [0x00000000fcf00000,0x00000000fdcfc420,0x00000000fdf60000)
  from space 832K, 95% used [0x00000000fdf60000,0x00000000fe026620,0x00000000fe030000)
  to   space 16064K, 0% used [0x00000000fef40000,0x00000000fef40000,0x00000000ffef0000)
 ParOldGen       total 92288K, used 53585K [0x00000000f3c00000, 0x00000000f9620000, 0x00000000fcf00000)
  object space 92288K, 58% used [0x00000000f3c00000,0x00000000f70545c8,0x00000000f9620000)
 PSPermGen       total 107136K, used 52469K [0x00000000ebc00000, 0x00000000f24a0000, 0x00000000f3c00000)
  object space 107136K, 48% used [0x00000000ebc00000,0x00000000eef3d660,0x00000000f24a0000)
GC Heap History (10 events):
Event: 9.651 GC heap before
{Heap before GC invocations=43 (full 2):
 PSYoungGen      total 33472K, used 17585K [0x00000000fcf00000, 0x0000000100000000, 0x0000000100000000)
  eden space 16768K, 100% used [0x00000000fcf00000,0x00000000fdf60000,0x00000000fdf60000)
  from space 16704K, 4% used [0x00000000fefb0000,0x00000000ff07c7e8,0x0000000100000000)
  to   space 16704K, 0% used [0x00000000fdf60000,0x00000000fdf60000,0x00000000fefb0000)
 ParOldGen       total 92288K, used 52749K [0x00000000f3c00000, 0x00000000f9620000, 0x00000000fcf00000)
  object space 92288K, 57% used [0x00000000f3c00000,0x00000000f6f83400,0x00000000f9620000)
 PSPermGen       total 107136K, used 52289K [0x00000000ebc00000, 0x00000000f24a0000, 0x00000000f3c00000)
  object space 107136K, 48% used [0x00000000ebc00000,0x00000000eef10778,0x00000000f24a0000)
Event: 9.653 GC heap after
Heap after GC invocations=43 (full 2):
 PSYoungGen      total 33472K, used 612K [0x00000000fcf00000, 0x0000000100000000, 0x0000000100000000)
  eden space 16768K, 0% used [0x00000000fcf00000,0x00000000fcf00000,0x00000000fdf60000)
  from space 16704K, 3% used [0x00000000fdf60000,0x00000000fdff92b8,0x00000000fefb0000)
  to   space 16704K, 0% used [0x00000000fefb0000,0x00000000fefb0000,0x0000000100000000)
 ParOldGen       total 92288K, used 53013K [0x00000000f3c00000, 0x00000000f9620000, 0x00000000fcf00000)
  object space 92288K, 57% used [0x00000000f3c00000,0x00000000f6fc5400,0x00000000f9620000)
 PSPermGen       total 107136K, used 52289K [0x00000000ebc00000, 0x00000000f24a0000, 0x00000000f3c00000)
  object space 107136K, 48% used [0x00000000ebc00000,0x00000000eef10778,0x00000000f24a0000)
}
Event: 9.748 GC heap before
{Heap before GC invocations=44 (full 2):
 PSYoungGen      total 33472K, used 17380K [0x00000000fcf00000, 0x0000000100000000, 0x0000000100000000)
  eden space 16768K, 100% used [0x00000000fcf00000,0x00000000fdf60000,0x00000000fdf60000)
  from space 16704K, 3% used [0x00000000fdf60000,0x00000000fdff92b8,0x00000000fefb0000)
  to   space 16704K, 0% used [0x00000000fefb0000,0x00000000fefb0000,0x0000000100000000)
 ParOldGen       total 92288K, used 53013K [0x00000000f3c00000, 0x00000000f9620000, 0x00000000fcf00000)
  object space 92288K, 57% used [0x00000000f3c00000,0x00000000f6fc5400,0x00000000f9620000)
 PSPermGen       total 107136K, used 52342K [0x00000000ebc00000, 0x00000000f24a0000, 0x00000000f3c00000)
  object space 107136K, 48% used [0x00000000ebc00000,0x00000000eef1d968,0x00000000f24a0000)
Event: 9.750 GC heap after
Heap after GC invocations=44 (full 2):
 PSYoungGen      total 33472K, used 544K [0x00000000fcf00000, 0x0000000100000000, 0x0000000100000000)
  eden space 16768K, 0% used [0x00000000fcf00000,0x00000000fcf00000,0x00000000fdf60000)
  from space 16704K, 3% used [0x00000000fefb0000,0x00000000ff038000,0x0000000100000000)
  to   space 16704K, 0% used [0x00000000fdf60000,0x00000000fdf60000,0x00000000fefb0000)
 ParOldGen       total 92288K, used 53207K [0x00000000f3c00000, 0x00000000f9620000, 0x00000000fcf00000)
  object space 92288K, 57% used [0x00000000f3c00000,0x00000000f6ff5d88,0x00000000f9620000)
 PSPermGen       total 107136K, used 52342K [0x00000000ebc00000, 0x00000000f24a0000, 0x00000000f3c00000)
  object space 107136K, 48% used [0x00000000ebc00000,0x00000000eef1d968,0x00000000f24a0000)
}
Event: 10.584 GC heap before
{Heap before GC invocations=45 (full 2):
 PSYoungGen      total 33472K, used 17312K [0x00000000fcf00000, 0x0000000100000000, 0x0000000100000000)
  eden space 16768K, 100% used [0x00000000fcf00000,0x00000000fdf60000,0x00000000fdf60000)
  from space 16704K, 3% used [0x00000000fefb0000,0x00000000ff038000,0x0000000100000000)
  to   space 16704K, 0% used [0x00000000fdf60000,0x00000000fdf60000,0x00000000fefb0000)
 ParOldGen       total 92288K, used 53207K [0x00000000f3c00000, 0x00000000f9620000, 0x00000000fcf00000)
  object space 92288K, 57% used [0x00000000f3c00000,0x00000000f6ff5d88,0x00000000f9620000)
 PSPermGen       total 107136K, used 52377K [0x00000000ebc00000, 0x00000000f24a0000, 0x00000000f3c00000)
  object space 107136K, 48% used [0x00000000ebc00000,0x00000000eef26740,0x00000000f24a0000)
Event: 10.596 GC heap after
Heap after GC invocations=45 (full 2):
 PSYoungGen      total 33472K, used 128K [0x00000000fcf00000, 0x0000000100000000, 0x0000000100000000)
  eden space 16768K, 0% used [0x00000000fcf00000,0x00000000fcf00000,0x00000000fdf60000)
  from space 16704K, 0% used [0x00000000fdf60000,0x00000000fdf80000,0x00000000fefb0000)
  to   space 16704K, 0% used [0x00000000fefb0000,0x00000000fefb0000,0x0000000100000000)
 ParOldGen       total 92288K, used 53537K [0x00000000f3c00000, 0x00000000f9620000, 0x00000000fcf00000)
  object space 92288K, 58% used [0x00000000f3c00000,0x00000000f70485c8,0x00000000f9620000)
 PSPermGen       total 107136K, used 52377K [0x00000000ebc00000, 0x00000000f24a0000, 0x00000000f3c00000)
  object space 107136K, 48% used [0x00000000ebc00000,0x00000000eef26740,0x00000000f24a0000)
}
Event: 14.646 GC heap before
{Heap before GC invocations=46 (full 2):
 PSYoungGen      total 33472K, used 16896K [0x00000000fcf00000, 0x0000000100000000, 0x0000000100000000)
  eden space 16768K, 100% used [0x00000000fcf00000,0x00000000fdf60000,0x00000000fdf60000)
  from space 16704K, 0% used [0x00000000fdf60000,0x00000000fdf80000,0x00000000fefb0000)
  to   space 16704K, 0% used [0x00000000fefb0000,0x00000000fefb0000,0x0000000100000000)
 ParOldGen       total 92288K, used 53537K [0x00000000f3c00000, 0x00000000f9620000, 0x00000000fcf00000)
  object space 92288K, 58% used [0x00000000f3c00000,0x00000000f70485c8,0x00000000f9620000)
 PSPermGen       total 107136K, used 52399K [0x00000000ebc00000, 0x00000000f24a0000, 0x00000000f3c00000)
  object space 107136K, 48% used [0x00000000ebc00000,0x00000000eef2be90,0x00000000f24a0000)
Event: 14.648 GC heap after
Heap after GC invocations=46 (full 2):
 PSYoungGen      total 33344K, used 320K [0x00000000fcf00000, 0x00000000fffe0000, 0x0000000100000000)
  eden space 16768K, 0% used [0x00000000fcf00000,0x00000000fcf00000,0x00000000fdf60000)
  from space 16576K, 1% used [0x00000000fefb0000,0x00000000ff000000,0x00000000fffe0000)
  to   space 16640K, 0% used [0x00000000fdf60000,0x00000000fdf60000,0x00000000fefa0000)
 ParOldGen       total 92288K, used 53585K [0x00000000f3c00000, 0x00000000f9620000, 0x00000000fcf00000)
  object space 92288K, 58% used [0x00000000f3c00000,0x00000000f70545c8,0x00000000f9620000)
 PSPermGen       total 107136K, used 52399K [0x00000000ebc00000, 0x00000000f24a0000, 0x00000000f3c00000)
  object space 107136K, 48% used [0x00000000ebc00000,0x00000000eef2be90,0x00000000f24a0000)
}
Event: 32.611 GC heap before
{Heap before GC invocations=47 (full 2):
 PSYoungGen      total 33344K, used 17088K [0x00000000fcf00000, 0x00000000fffe0000, 0x0000000100000000)
  eden space 16768K, 100% used [0x00000000fcf00000,0x00000000fdf60000,0x00000000fdf60000)
  from space 16576K, 1% used [0x00000000fefb0000,0x00000000ff000000,0x00000000fffe0000)
  to   space 16640K, 0% used [0x00000000fdf60000,0x00000000fdf60000,0x00000000fefa0000)
 ParOldGen       total 92288K, used 53585K [0x00000000f3c00000, 0x00000000f9620000, 0x00000000fcf00000)
  object space 92288K, 58% used [0x00000000f3c00000,0x00000000f70545c8,0x00000000f9620000)
 PSPermGen       total 107136K, used 52423K [0x00000000ebc00000, 0x00000000f24a0000, 0x00000000f3c00000)
  object space 107136K, 48% used [0x00000000ebc00000,0x00000000eef31e80,0x00000000f24a0000)
Event: 32.617 GC heap after
Heap after GC invocations=47 (full 2):
 PSYoungGen      total 17600K, used 793K [0x00000000fcf00000, 0x00000000ffef0000, 0x0000000100000000)
  eden space 16768K, 0% used [0x00000000fcf00000,0x00000000fcf00000,0x00000000fdf60000)
  from space 832K, 95% used [0x00000000fdf60000,0x00000000fe026620,0x00000000fe030000)
  to   space 16064K, 0% used [0x00000000fef40000,0x00000000fef40000,0x00000000ffef0000)
 ParOldGen       total 92288K, used 53585K [0x00000000f3c00000, 0x00000000f9620000, 0x00000000fcf00000)
  object space 92288K, 58% used [0x00000000f3c00000,0x00000000f70545c8,0x00000000f9620000)
 PSPermGen       total 107136K, used 52423K [0x00000000ebc00000, 0x00000000f24a0000, 0x00000000f3c00000)
  object space 107136K, 48% used [0x00000000ebc00000,0x00000000eef31e80,0x00000000f24a0000)
}

