# JRE version: 7.0_25-b17
# Java VM: Java HotSpot(TM) 64-Bit Server VM (23.25-b01 mixed mode windows-amd64 compressed oops)
Heap
 PSYoungGen      total 39616K, used 19051K [0x00000000fcf00000, 0x00000000fff60000, 0x0000000100000000)
  eden space 30016K, 57% used [0x00000000fcf00000,0x00000000fdfc0cf8,0x00000000fec50000)
  from space 9600K, 19% used [0x00000000fec50000,0x00000000fee29f88,0x00000000ff5b0000)
  to   space 9536K, 0% used [0x00000000ff610000,0x00000000ff610000,0x00000000fff60000)
 ParOldGen       total 77504K, used 52467K [0x00000000f3c00000, 0x00000000f87b0000, 0x00000000fcf00000)
  object space 77504K, 67% used [0x00000000f3c00000,0x00000000f6f3cc70,0x00000000f87b0000)
 PSPermGen       total 106240K, used 53997K [0x00000000ebc00000, 0x00000000f23c0000, 0x00000000f3c00000)
  object space 106240K, 50% used [0x00000000ebc00000,0x00000000ef0bb618,0x00000000f23c0000)
GC Heap History (10 events):
Event: 151.221 GC heap before
{Heap before GC invocations=53 (full 2):
 PSYoungGen      total 39232K, used 32510K [0x00000000fcf00000, 0x00000000fffa0000, 0x0000000100000000)
  eden space 29184K, 100% used [0x00000000fcf00000,0x00000000feb80000,0x00000000feb80000)
  from space 10048K, 33% used [0x00000000ff5d0000,0x00000000ff90f820,0x00000000fffa0000)
  to   space 10304K, 0% used [0x00000000feb80000,0x00000000feb80000,0x00000000ff590000)
 ParOldGen       total 77504K, used 50579K [0x00000000f3c00000, 0x00000000f87b0000, 0x00000000fcf00000)
  object space 77504K, 65% used [0x00000000f3c00000,0x00000000f6d64c50,0x00000000f87b0000)
 PSPermGen       total 106240K, used 53950K [0x00000000ebc00000, 0x00000000f23c0000, 0x00000000f3c00000)
  object space 106240K, 50% used [0x00000000ebc00000,0x00000000ef0afa20,0x00000000f23c0000)
Event: 151.225 GC heap after
Heap after GC invocations=53 (full 2):
 PSYoungGen      total 39488K, used 2992K [0x00000000fcf00000, 0x00000000fffd0000, 0x0000000100000000)
  eden space 29184K, 0% used [0x00000000fcf00000,0x00000000fcf00000,0x00000000feb80000)
  from space 10304K, 29% used [0x00000000feb80000,0x00000000fee6c358,0x00000000ff590000)
  to   space 10176K, 0% used [0x00000000ff5e0000,0x00000000ff5e0000,0x00000000fffd0000)
 ParOldGen       total 77504K, used 51235K [0x00000000f3c00000, 0x00000000f87b0000, 0x00000000fcf00000)
  object space 77504K, 66% used [0x00000000f3c00000,0x00000000f6e08c50,0x00000000f87b0000)
 PSPermGen       total 106240K, used 53950K [0x00000000ebc00000, 0x00000000f23c0000, 0x00000000f3c00000)
  object space 106240K, 50% used [0x00000000ebc00000,0x00000000ef0afa20,0x00000000f23c0000)
}
Event: 174.125 GC heap before
{Heap before GC invocations=54 (full 2):
 PSYoungGen      total 39488K, used 30804K [0x00000000fcf00000, 0x00000000fffd0000, 0x0000000100000000)
  eden space 29184K, 95% used [0x00000000fcf00000,0x00000000fea29060,0x00000000feb80000)
  from space 10304K, 29% used [0x00000000feb80000,0x00000000fee6c358,0x00000000ff590000)
  to   space 10176K, 0% used [0x00000000ff5e0000,0x00000000ff5e0000,0x00000000fffd0000)
 ParOldGen       total 77504K, used 51235K [0x00000000f3c00000, 0x00000000f87b0000, 0x00000000fcf00000)
  object space 77504K, 66% used [0x00000000f3c00000,0x00000000f6e08c50,0x00000000f87b0000)
 PSPermGen       total 106240K, used 53966K [0x00000000ebc00000, 0x00000000f23c0000, 0x00000000f3c00000)
  object space 106240K, 50% used [0x00000000ebc00000,0x00000000ef0b3920,0x00000000f23c0000)
Event: 174.130 GC heap after
Heap after GC invocations=54 (full 2):
 PSYoungGen      total 39424K, used 2287K [0x00000000fcf00000, 0x00000000fff90000, 0x0000000100000000)
  eden space 29504K, 0% used [0x00000000fcf00000,0x00000000fcf00000,0x00000000febd0000)
  from space 9920K, 23% used [0x00000000ff5e0000,0x00000000ff81bce8,0x00000000fff90000)
  to   space 10112K, 0% used [0x00000000febd0000,0x00000000febd0000,0x00000000ff5b0000)
 ParOldGen       total 77504K, used 51691K [0x00000000f3c00000, 0x00000000f87b0000, 0x00000000fcf00000)
  object space 77504K, 66% used [0x00000000f3c00000,0x00000000f6e7ac50,0x00000000f87b0000)
 PSPermGen       total 106240K, used 53966K [0x00000000ebc00000, 0x00000000f23c0000, 0x00000000f3c00000)
  object space 106240K, 50% used [0x00000000ebc00000,0x00000000ef0b3920,0x00000000f23c0000)
}
Event: 176.290 GC heap before
{Heap before GC invocations=55 (full 2):
 PSYoungGen      total 39424K, used 31791K [0x00000000fcf00000, 0x00000000fff90000, 0x0000000100000000)
  eden space 29504K, 100% used [0x00000000fcf00000,0x00000000febd0000,0x00000000febd0000)
  from space 9920K, 23% used [0x00000000ff5e0000,0x00000000ff81bce8,0x00000000fff90000)
  to   space 10112K, 0% used [0x00000000febd0000,0x00000000febd0000,0x00000000ff5b0000)
 ParOldGen       total 77504K, used 51691K [0x00000000f3c00000, 0x00000000f87b0000, 0x00000000fcf00000)
  object space 77504K, 66% used [0x00000000f3c00000,0x00000000f6e7ac50,0x00000000f87b0000)
 PSPermGen       total 106240K, used 53978K [0x00000000ebc00000, 0x00000000f23c0000, 0x00000000f3c00000)
  object space 106240K, 50% used [0x00000000ebc00000,0x00000000ef0b6948,0x00000000f23c0000)
Event: 176.300 GC heap after
Heap after GC invocations=55 (full 2):
 PSYoungGen      total 39616K, used 4835K [0x00000000fcf00000, 0x00000000fff10000, 0x0000000100000000)
  eden space 29504K, 0% used [0x00000000fcf00000,0x00000000fcf00000,0x00000000febd0000)
  from space 10112K, 47% used [0x00000000febd0000,0x00000000ff088ff0,0x00000000ff5b0000)
  to   space 9600K, 0% used [0x00000000ff5b0000,0x00000000ff5b0000,0x00000000fff10000)
 ParOldGen       total 77504K, used 51943K [0x00000000f3c00000, 0x00000000f87b0000, 0x00000000fcf00000)
  object space 77504K, 67% used [0x00000000f3c00000,0x00000000f6eb9c60,0x00000000f87b0000)
 PSPermGen       total 106240K, used 53978K [0x00000000ebc00000, 0x00000000f23c0000, 0x00000000f3c00000)
  object space 106240K, 50% used [0x00000000ebc00000,0x00000000ef0b6948,0x00000000f23c0000)
}
Event: 178.182 GC heap before
{Heap before GC invocations=56 (full 2):
 PSYoungGen      total 39616K, used 34339K [0x00000000fcf00000, 0x00000000fff10000, 0x0000000100000000)
  eden space 29504K, 100% used [0x00000000fcf00000,0x00000000febd0000,0x00000000febd0000)
  from space 10112K, 47% used [0x00000000febd0000,0x00000000ff088ff0,0x00000000ff5b0000)
  to   space 9600K, 0% used [0x00000000ff5b0000,0x00000000ff5b0000,0x00000000fff10000)
 ParOldGen       total 77504K, used 51943K [0x00000000f3c00000, 0x00000000f87b0000, 0x00000000fcf00000)
  object space 77504K, 67% used [0x00000000f3c00000,0x00000000f6eb9c60,0x00000000f87b0000)
 PSPermGen       total 106240K, used 53980K [0x00000000ebc00000, 0x00000000f23c0000, 0x00000000f3c00000)
  object space 106240K, 50% used [0x00000000ebc00000,0x00000000ef0b7068,0x00000000f23c0000)
Event: 178.185 GC heap after
Heap after GC invocations=56 (full 2):
 PSYoungGen      total 39616K, used 2055K [0x00000000fcf00000, 0x00000000fff10000, 0x0000000100000000)
  eden space 30016K, 0% used [0x00000000fcf00000,0x00000000fcf00000,0x00000000fec50000)
  from space 9600K, 21% used [0x00000000ff5b0000,0x00000000ff7b1c30,0x00000000fff10000)
  to   space 9600K, 0% used [0x00000000fec50000,0x00000000fec50000,0x00000000ff5b0000)
 ParOldGen       total 77504K, used 52183K [0x00000000f3c00000, 0x00000000f87b0000, 0x00000000fcf00000)
  object space 77504K, 67% used [0x00000000f3c00000,0x00000000f6ef5c60,0x00000000f87b0000)
 PSPermGen       total 106240K, used 53980K [0x00000000ebc00000, 0x00000000f23c0000, 0x00000000f3c00000)
  object space 106240K, 50% used [0x00000000ebc00000,0x00000000ef0b7068,0x00000000f23c0000)
}
Event: 181.293 GC heap before
{Heap before GC invocations=57 (full 2):
 PSYoungGen      total 39616K, used 32071K [0x00000000fcf00000, 0x00000000fff10000, 0x0000000100000000)
  eden space 30016K, 100% used [0x00000000fcf00000,0x00000000fec50000,0x00000000fec50000)
  from space 9600K, 21% used [0x00000000ff5b0000,0x00000000ff7b1c30,0x00000000fff10000)
  to   space 9600K, 0% used [0x00000000fec50000,0x00000000fec50000,0x00000000ff5b0000)
 ParOldGen       total 77504K, used 52183K [0x00000000f3c00000, 0x00000000f87b0000, 0x00000000fcf00000)
  object space 77504K, 67% used [0x00000000f3c00000,0x00000000f6ef5c60,0x00000000f87b0000)
 PSPermGen       total 106240K, used 53995K [0x00000000ebc00000, 0x00000000f23c0000, 0x00000000f3c00000)
  object space 106240K, 50% used [0x00000000ebc00000,0x00000000ef0bafe0,0x00000000f23c0000)
Event: 181.297 GC heap after
Heap after GC invocations=57 (full 2):
 PSYoungGen      total 39616K, used 1895K [0x00000000fcf00000, 0x00000000fff60000, 0x0000000100000000)
  eden space 30016K, 0% used [0x00000000fcf00000,0x00000000fcf00000,0x00000000fec50000)
  from space 9600K, 19% used [0x00000000fec50000,0x00000000fee29f88,0x00000000ff5b0000)
  to   space 9536K, 0% used [0x00000000ff610000,0x00000000ff610000,0x00000000fff60000)
 ParOldGen       total 77504K, used 52467K [0x00000000f3c00000, 0x00000000f87b0000, 0x00000000fcf00000)
  object space 77504K, 67% used [0x00000000f3c00000,0x00000000f6f3cc70,0x00000000f87b0000)
 PSPermGen       total 106240K, used 53995K [0x00000000ebc00000, 0x00000000f23c0000, 0x00000000f3c00000)
  object space 106240K, 50% used [0x00000000ebc00000,0x00000000ef0bafe0,0x00000000f23c0000)
}

